<?xml version="1.0" encoding="UTF-8"?>
<!-- Generated by org.testng.reporters.JUnitXMLReporter -->
<testsuite hostname="LAPTOP-UUN667PC" failures="0" tests="9" name="Test1" time="0.021" errors="0" timestamp="31 Mar 2022 06:47:54 GMT">
  <testcase classname="demo.carloan" name="carapitesting" time="0.0"/>
  <testcase classname="demo.carloan" name="carmobiletesting" time="0.001"/>
  <testcase classname="demo.carloan" name="carseleiumtesting" time="0.002"/>
  <testcase classname="demo.personalloan" name="personalapitesting" time="0.0"/>
  <testcase classname="demo.personalloan" name="personalmobiletesting" time="0.001"/>
  <testcase classname="demo.personalloan" name="personalseleiumtesting" time="0.002"/>
  <testcase classname="demo.bikeloan" name="bikeapitesting" time="0.001"/>
  <testcase classname="demo.bikeloan" name="bikemobiletesting" time="0.001"/>
  <testcase classname="demo.bikeloan" name="bikeseleiumtesting" time="0.001"/>
</testsuite> <!-- Test1 -->
