<?xml version="1.0" encoding="UTF-8"?>
<!-- Generated by org.testng.reporters.JUnitXMLReporter -->
<testsuite hostname="LAPTOP-UUN667PC" failures="0" tests="7" name="Test" time="23.059" errors="0" timestamp="2 Apr 2022 10:01:39 GMT">
  <testcase classname="Api_Testing.TC_1" name="auth" time="5.608"/>
  <testcase classname="Api_Testing.TC_1" name="get" time="3.49"/>
  <testcase classname="Api_Testing.TC_1" name="getById" time="5.362"/>
  <testcase classname="Api_Testing.TC_1" name="post" time="1.6"/>
  <testcase classname="Api_Testing.TC_1" name="put" time="1.582"/>
  <testcase classname="Api_Testing.TC_1" name="xpatch" time="2.895"/>
  <testcase classname="Api_Testing.TC_1" name="ydelete" time="2.401"/>
</testsuite> <!-- Test -->
