<?xml version="1.0" encoding="UTF-8"?>
<testng-results total="7" passed="7" failed="0" skipped="0">
  <reporter-output>
  </reporter-output>
  <suite started-at="2022-04-02T10:01:16Z" name="Suite" finished-at="2022-04-02T10:01:39Z" duration-ms="23059">
    <groups>
    </groups>
    <test started-at="2022-04-02T10:01:16Z" name="Test" finished-at="2022-04-02T10:01:39Z" duration-ms="23059">
      <class name="Api_Testing.TC_1">
        <test-method signature="auth()[pri:0, instance:Api_Testing.TC_1@67ef029]" started-at="2022-04-02T15:31:16Z" name="auth" finished-at="2022-04-02T15:31:22Z" duration-ms="5608" status="PASS">
          <reporter-output>
          </reporter-output>
        </test-method> <!-- auth -->
        <test-method signature="get()[pri:0, instance:Api_Testing.TC_1@67ef029]" started-at="2022-04-02T15:31:22Z" name="get" finished-at="2022-04-02T15:31:26Z" duration-ms="3490" status="PASS">
          <reporter-output>
          </reporter-output>
        </test-method> <!-- get -->
        <test-method signature="getById()[pri:0, instance:Api_Testing.TC_1@67ef029]" started-at="2022-04-02T15:31:26Z" name="getById" finished-at="2022-04-02T15:31:31Z" duration-ms="5362" status="PASS">
          <reporter-output>
          </reporter-output>
        </test-method> <!-- getById -->
        <test-method signature="post()[pri:0, instance:Api_Testing.TC_1@67ef029]" started-at="2022-04-02T15:31:31Z" name="post" finished-at="2022-04-02T15:31:33Z" duration-ms="1600" status="PASS">
          <reporter-output>
          </reporter-output>
        </test-method> <!-- post -->
        <test-method signature="put()[pri:0, instance:Api_Testing.TC_1@67ef029]" started-at="2022-04-02T15:31:33Z" name="put" finished-at="2022-04-02T15:31:34Z" duration-ms="1582" status="PASS">
          <reporter-output>
          </reporter-output>
        </test-method> <!-- put -->
        <test-method signature="xpatch()[pri:0, instance:Api_Testing.TC_1@67ef029]" started-at="2022-04-02T15:31:34Z" name="xpatch" finished-at="2022-04-02T15:31:37Z" duration-ms="2895" status="PASS">
          <reporter-output>
          </reporter-output>
        </test-method> <!-- xpatch -->
        <test-method signature="ydelete()[pri:0, instance:Api_Testing.TC_1@67ef029]" started-at="2022-04-02T15:31:37Z" name="ydelete" finished-at="2022-04-02T15:31:39Z" duration-ms="2401" status="PASS">
          <reporter-output>
          </reporter-output>
        </test-method> <!-- ydelete -->
      </class> <!-- Api_Testing.TC_1 -->
    </test> <!-- Test -->
  </suite> <!-- Suite -->
</testng-results>
